<?xml version="1.0" encoding="UTF-8"?>
<!-- Generated by org.testng.reporters.JUnitReportReporter -->
<testsuite skipped="0" hostname="HARIPC" name="com.crm.qa.testcases.LoginPageTest" tests="1" failures="0" timestamp="22 Aug 2018 10:48:07 GMT" time="31.213" errors="0">
  <testcase name="ValidateTitle" time="31.213" classname="com.crm.qa.testcases.LoginPageTest"/>
</testsuite> <!-- com.crm.qa.testcases.LoginPageTest -->
